<?xml version="1.0" encoding="UTF-8"?>
<coverage generated="1720931790290" clover="3.2.0">
  <project timestamp="1720931790290" name="All files">
    <metrics statements="8" coveredstatements="7" conditionals="4" coveredconditionals="3" methods="3" coveredmethods="3" elements="15" coveredelements="13" complexity="0" loc="8" ncloc="8" packages="1" files="1" classes="1"/>
    <file name="sorting_comparisons.js" path="/Users/adamjimenez/projects/code-401/data-structures-and-algorithms/javascript/Sorting: Comparisons/sorting_comparisons.js">
      <metrics statements="8" coveredstatements="7" conditionals="4" coveredconditionals="3" methods="3" coveredmethods="3"/>
      <line num="5" count="8" type="stmt"/>
      <line num="10" count="2" type="stmt"/>
      <line num="15" count="4" type="stmt"/>
      <line num="16" count="4" type="stmt"/>
      <line num="17" count="4" type="cond" truecount="2" falsecount="0"/>
      <line num="18" count="2" type="cond" truecount="1" falsecount="1"/>
      <line num="19" count="0" type="stmt"/>
      <line num="22" count="1" type="stmt"/>
    </file>
  </project>
</coverage>
