{"/Users/adamjimenez/projects/code-401/data-structures-and-algorithms/javascript/Sorting: Comparisons/sorting_comparisons.js": {"path":"/Users/adamjimenez/projects/code-401/data-structures-and-algorithms/javascript/Sorting: Comparisons/sorting_comparisons.js","statementMap":{"0":{"start":{"line":5,"column":2},"end":{"line":5,"column":53}},"1":{"start":{"line":10,"column":2},"end":{"line":10,"column":25}},"2":{"start":{"line":15,"column":17},"end":{"line":15,"column":46}},"3":{"start":{"line":16,"column":17},"end":{"line":16,"column":46}},"4":{"start":{"line":17,"column":2},"end":{"line":17,"column":33}},"5":{"start":{"line":17,"column":23},"end":{"line":17,"column":33}},"6":{"start":{"line":18,"column":2},"end":{"line":18,"column":32}},"7":{"start":{"line":18,"column":23},"end":{"line":18,"column":32}},"8":{"start":{"line":19,"column":2},"end":{"line":19,"column":11}},"9":{"start":{"line":22,"column":0},"end":{"line":22,"column":51}}},"fnMap":{"0":{"name":"stripLeadingArticles","decl":{"start":{"line":4,"column":9},"end":{"line":4,"column":29}},"loc":{"start":{"line":4,"column":37},"end":{"line":6,"column":1}},"line":4},"1":{"name":"compareByYear","decl":{"start":{"line":9,"column":9},"end":{"line":9,"column":22}},"loc":{"start":{"line":9,"column":29},"end":{"line":11,"column":1}},"line":9},"2":{"name":"compareByTitle","decl":{"start":{"line":14,"column":9},"end":{"line":14,"column":23}},"loc":{"start":{"line":14,"column":30},"end":{"line":20,"column":1}},"line":14}},"branchMap":{"0":{"loc":{"start":{"line":17,"column":2},"end":{"line":17,"column":33}},"type":"if","locations":[{"start":{"line":17,"column":2},"end":{"line":17,"column":33}},{"start":{},"end":{}}],"line":17},"1":{"loc":{"start":{"line":18,"column":2},"end":{"line":18,"column":32}},"type":"if","locations":[{"start":{"line":18,"column":2},"end":{"line":18,"column":32}},{"start":{},"end":{}}],"line":18}},"s":{"0":8,"1":2,"2":4,"3":4,"4":4,"5":2,"6":2,"7":2,"8":0,"9":1},"f":{"0":8,"1":2,"2":4},"b":{"0":[2,2],"1":[2,0]},"_coverageSchema":"1a1c01bbd47fc00a2c39e90264f33305004495a9","hash":"a71aba6165f1cdec3a0891d75b27e686e8d7378a"}
}
