{"/Users/adamjimenez/projects/code-401/data-structures-and-algorithms/javascript/Linked List KTH/LinkedList.js": {"path":"/Users/adamjimenez/projects/code-401/data-structures-and-algorithms/javascript/Linked List KTH/LinkedList.js","statementMap":{"0":{"start":{"line":3,"column":6},"end":{"line":3,"column":25}},"1":{"start":{"line":4,"column":6},"end":{"line":4,"column":23}},"2":{"start":{"line":10,"column":6},"end":{"line":10,"column":23}},"3":{"start":{"line":14,"column":22},"end":{"line":14,"column":37}},"4":{"start":{"line":15,"column":6},"end":{"line":18,"column":7}},"5":{"start":{"line":16,"column":10},"end":{"line":16,"column":30}},"6":{"start":{"line":17,"column":10},"end":{"line":17,"column":17}},"7":{"start":{"line":19,"column":20},"end":{"line":19,"column":29}},"8":{"start":{"line":20,"column":6},"end":{"line":22,"column":7}},"9":{"start":{"line":21,"column":10},"end":{"line":21,"column":33}},"10":{"start":{"line":23,"column":6},"end":{"line":23,"column":29}},"11":{"start":{"line":27,"column":6},"end":{"line":29,"column":7}},"12":{"start":{"line":28,"column":10},"end":{"line":28,"column":62}},"13":{"start":{"line":31,"column":19},"end":{"line":31,"column":20}},"14":{"start":{"line":32,"column":20},"end":{"line":32,"column":29}},"15":{"start":{"line":34,"column":6},"end":{"line":37,"column":7}},"16":{"start":{"line":35,"column":10},"end":{"line":35,"column":19}},"17":{"start":{"line":36,"column":10},"end":{"line":36,"column":33}},"18":{"start":{"line":39,"column":6},"end":{"line":41,"column":7}},"19":{"start":{"line":40,"column":10},"end":{"line":40,"column":89}},"20":{"start":{"line":43,"column":24},"end":{"line":43,"column":38}},"21":{"start":{"line":44,"column":6},"end":{"line":44,"column":26}},"22":{"start":{"line":46,"column":6},"end":{"line":48,"column":7}},"23":{"start":{"line":46,"column":19},"end":{"line":46,"column":20}},"24":{"start":{"line":47,"column":10},"end":{"line":47,"column":33}},"25":{"start":{"line":50,"column":6},"end":{"line":50,"column":27}},"26":{"start":{"line":54,"column":0},"end":{"line":54,"column":38}}},"fnMap":{"0":{"name":"(anonymous_0)","decl":{"start":{"line":2,"column":2},"end":{"line":2,"column":3}},"loc":{"start":{"line":2,"column":21},"end":{"line":5,"column":3}},"line":2},"1":{"name":"(anonymous_1)","decl":{"start":{"line":9,"column":2},"end":{"line":9,"column":3}},"loc":{"start":{"line":9,"column":16},"end":{"line":11,"column":3}},"line":9},"2":{"name":"(anonymous_2)","decl":{"start":{"line":13,"column":2},"end":{"line":13,"column":3}},"loc":{"start":{"line":13,"column":16},"end":{"line":24,"column":3}},"line":13},"3":{"name":"(anonymous_3)","decl":{"start":{"line":26,"column":2},"end":{"line":26,"column":3}},"loc":{"start":{"line":26,"column":16},"end":{"line":51,"column":3}},"line":26}},"branchMap":{"0":{"loc":{"start":{"line":15,"column":6},"end":{"line":18,"column":7}},"type":"if","locations":[{"start":{"line":15,"column":6},"end":{"line":18,"column":7}},{"start":{},"end":{}}],"line":15},"1":{"loc":{"start":{"line":27,"column":6},"end":{"line":29,"column":7}},"type":"if","locations":[{"start":{"line":27,"column":6},"end":{"line":29,"column":7}},{"start":{},"end":{}}],"line":27},"2":{"loc":{"start":{"line":39,"column":6},"end":{"line":41,"column":7}},"type":"if","locations":[{"start":{"line":39,"column":6},"end":{"line":41,"column":7}},{"start":{},"end":{}}],"line":39}},"s":{"0":17,"1":17,"2":5,"3":17,"4":17,"5":5,"6":5,"7":12,"8":12,"9":12,"10":12,"11":6,"12":1,"13":5,"14":5,"15":5,"16":17,"17":17,"18":5,"19":1,"20":4,"21":4,"22":4,"23":4,"24":6,"25":4,"26":1},"f":{"0":17,"1":5,"2":17,"3":6},"b":{"0":[5,12],"1":[1,5],"2":[1,4]},"_coverageSchema":"1a1c01bbd47fc00a2c39e90264f33305004495a9","hash":"c2bb5dace824717b6683c474850c1f33b8c70a2a"}
,"/Users/adamjimenez/projects/code-401/data-structures-and-algorithms/javascript/Sorting: Comparisons/sorting_comparisons.js": {"path":"/Users/adamjimenez/projects/code-401/data-structures-and-algorithms/javascript/Sorting: Comparisons/sorting_comparisons.js","statementMap":{"0":{"start":{"line":5,"column":2},"end":{"line":5,"column":53}},"1":{"start":{"line":10,"column":2},"end":{"line":10,"column":25}},"2":{"start":{"line":15,"column":17},"end":{"line":15,"column":46}},"3":{"start":{"line":16,"column":17},"end":{"line":16,"column":46}},"4":{"start":{"line":17,"column":2},"end":{"line":17,"column":33}},"5":{"start":{"line":17,"column":23},"end":{"line":17,"column":33}},"6":{"start":{"line":18,"column":2},"end":{"line":18,"column":32}},"7":{"start":{"line":18,"column":23},"end":{"line":18,"column":32}},"8":{"start":{"line":19,"column":2},"end":{"line":19,"column":11}},"9":{"start":{"line":22,"column":0},"end":{"line":22,"column":51}}},"fnMap":{"0":{"name":"stripLeadingArticles","decl":{"start":{"line":4,"column":9},"end":{"line":4,"column":29}},"loc":{"start":{"line":4,"column":37},"end":{"line":6,"column":1}},"line":4},"1":{"name":"compareByYear","decl":{"start":{"line":9,"column":9},"end":{"line":9,"column":22}},"loc":{"start":{"line":9,"column":29},"end":{"line":11,"column":1}},"line":9},"2":{"name":"compareByTitle","decl":{"start":{"line":14,"column":9},"end":{"line":14,"column":23}},"loc":{"start":{"line":14,"column":30},"end":{"line":20,"column":1}},"line":14}},"branchMap":{"0":{"loc":{"start":{"line":17,"column":2},"end":{"line":17,"column":33}},"type":"if","locations":[{"start":{"line":17,"column":2},"end":{"line":17,"column":33}},{"start":{},"end":{}}],"line":17},"1":{"loc":{"start":{"line":18,"column":2},"end":{"line":18,"column":32}},"type":"if","locations":[{"start":{"line":18,"column":2},"end":{"line":18,"column":32}},{"start":{},"end":{}}],"line":18}},"s":{"0":8,"1":2,"2":4,"3":4,"4":4,"5":2,"6":2,"7":2,"8":0,"9":1},"f":{"0":8,"1":2,"2":4},"b":{"0":[2,2],"1":[2,0]},"_coverageSchema":"1a1c01bbd47fc00a2c39e90264f33305004495a9","hash":"a71aba6165f1cdec3a0891d75b27e686e8d7378a"}
,"/Users/adamjimenez/projects/code-401/data-structures-and-algorithms/javascript/hashtable/Hashtable.js": {"path":"/Users/adamjimenez/projects/code-401/data-structures-and-algorithms/javascript/hashtable/Hashtable.js","statementMap":{"0":{"start":{"line":4,"column":4},"end":{"line":4,"column":21}},"1":{"start":{"line":5,"column":4},"end":{"line":5,"column":35}},"2":{"start":{"line":9,"column":15},"end":{"line":9,"column":16}},"3":{"start":{"line":10,"column":4},"end":{"line":12,"column":5}},"4":{"start":{"line":11,"column":6},"end":{"line":11,"column":33}},"5":{"start":{"line":13,"column":4},"end":{"line":13,"column":28}},"6":{"start":{"line":17,"column":18},"end":{"line":17,"column":32}},"7":{"start":{"line":18,"column":4},"end":{"line":20,"column":5}},"8":{"start":{"line":19,"column":6},"end":{"line":19,"column":31}},"9":{"start":{"line":21,"column":19},"end":{"line":21,"column":38}},"10":{"start":{"line":22,"column":29},"end":{"line":22,"column":65}},"11":{"start":{"line":22,"column":49},"end":{"line":22,"column":64}},"12":{"start":{"line":24,"column":4},"end":{"line":28,"column":5}},"13":{"start":{"line":25,"column":6},"end":{"line":25,"column":34}},"14":{"start":{"line":27,"column":6},"end":{"line":27,"column":32}},"15":{"start":{"line":32,"column":18},"end":{"line":32,"column":32}},"16":{"start":{"line":33,"column":19},"end":{"line":33,"column":38}},"17":{"start":{"line":34,"column":4},"end":{"line":39,"column":5}},"18":{"start":{"line":35,"column":23},"end":{"line":35,"column":59}},"19":{"start":{"line":35,"column":43},"end":{"line":35,"column":58}},"20":{"start":{"line":36,"column":6},"end":{"line":38,"column":7}},"21":{"start":{"line":37,"column":8},"end":{"line":37,"column":27}},"22":{"start":{"line":40,"column":4},"end":{"line":40,"column":16}},"23":{"start":{"line":44,"column":18},"end":{"line":44,"column":32}},"24":{"start":{"line":45,"column":19},"end":{"line":45,"column":38}},"25":{"start":{"line":46,"column":4},"end":{"line":49,"column":5}},"26":{"start":{"line":47,"column":23},"end":{"line":47,"column":59}},"27":{"start":{"line":47,"column":43},"end":{"line":47,"column":58}},"28":{"start":{"line":48,"column":6},"end":{"line":48,"column":24}},"29":{"start":{"line":50,"column":4},"end":{"line":50,"column":17}},"30":{"start":{"line":54,"column":27},"end":{"line":54,"column":29}},"31":{"start":{"line":55,"column":4},"end":{"line":61,"column":5}},"32":{"start":{"line":56,"column":6},"end":{"line":60,"column":7}},"33":{"start":{"line":57,"column":8},"end":{"line":59,"column":9}},"34":{"start":{"line":58,"column":10},"end":{"line":58,"column":35}},"35":{"start":{"line":62,"column":4},"end":{"line":62,"column":26}},"36":{"start":{"line":66,"column":0},"end":{"line":66,"column":27}}},"fnMap":{"0":{"name":"(anonymous_0)","decl":{"start":{"line":3,"column":2},"end":{"line":3,"column":3}},"loc":{"start":{"line":3,"column":25},"end":{"line":6,"column":3}},"line":3},"1":{"name":"(anonymous_1)","decl":{"start":{"line":8,"column":2},"end":{"line":8,"column":3}},"loc":{"start":{"line":8,"column":12},"end":{"line":14,"column":3}},"line":8},"2":{"name":"(anonymous_2)","decl":{"start":{"line":16,"column":2},"end":{"line":16,"column":3}},"loc":{"start":{"line":16,"column":18},"end":{"line":29,"column":3}},"line":16},"3":{"name":"(anonymous_3)","decl":{"start":{"line":22,"column":41},"end":{"line":22,"column":42}},"loc":{"start":{"line":22,"column":49},"end":{"line":22,"column":64}},"line":22},"4":{"name":"(anonymous_4)","decl":{"start":{"line":31,"column":2},"end":{"line":31,"column":3}},"loc":{"start":{"line":31,"column":11},"end":{"line":41,"column":3}},"line":31},"5":{"name":"(anonymous_5)","decl":{"start":{"line":35,"column":35},"end":{"line":35,"column":36}},"loc":{"start":{"line":35,"column":43},"end":{"line":35,"column":58}},"line":35},"6":{"name":"(anonymous_6)","decl":{"start":{"line":43,"column":2},"end":{"line":43,"column":3}},"loc":{"start":{"line":43,"column":11},"end":{"line":51,"column":3}},"line":43},"7":{"name":"(anonymous_7)","decl":{"start":{"line":47,"column":35},"end":{"line":47,"column":36}},"loc":{"start":{"line":47,"column":43},"end":{"line":47,"column":58}},"line":47},"8":{"name":"(anonymous_8)","decl":{"start":{"line":53,"column":2},"end":{"line":53,"column":3}},"loc":{"start":{"line":53,"column":9},"end":{"line":63,"column":3}},"line":53}},"branchMap":{"0":{"loc":{"start":{"line":3,"column":14},"end":{"line":3,"column":23}},"type":"default-arg","locations":[{"start":{"line":3,"column":21},"end":{"line":3,"column":23}}],"line":3},"1":{"loc":{"start":{"line":18,"column":4},"end":{"line":20,"column":5}},"type":"if","locations":[{"start":{"line":18,"column":4},"end":{"line":20,"column":5}},{"start":{},"end":{}}],"line":18},"2":{"loc":{"start":{"line":24,"column":4},"end":{"line":28,"column":5}},"type":"if","locations":[{"start":{"line":24,"column":4},"end":{"line":28,"column":5}},{"start":{"line":26,"column":11},"end":{"line":28,"column":5}}],"line":24},"3":{"loc":{"start":{"line":34,"column":4},"end":{"line":39,"column":5}},"type":"if","locations":[{"start":{"line":34,"column":4},"end":{"line":39,"column":5}},{"start":{},"end":{}}],"line":34},"4":{"loc":{"start":{"line":36,"column":6},"end":{"line":38,"column":7}},"type":"if","locations":[{"start":{"line":36,"column":6},"end":{"line":38,"column":7}},{"start":{},"end":{}}],"line":36},"5":{"loc":{"start":{"line":46,"column":4},"end":{"line":49,"column":5}},"type":"if","locations":[{"start":{"line":46,"column":4},"end":{"line":49,"column":5}},{"start":{},"end":{}}],"line":46},"6":{"loc":{"start":{"line":56,"column":6},"end":{"line":60,"column":7}},"type":"if","locations":[{"start":{"line":56,"column":6},"end":{"line":60,"column":7}},{"start":{},"end":{}}],"line":56}},"s":{"0":7,"1":7,"2":8,"3":8,"4":30,"5":8,"6":8,"7":8,"8":6,"9":8,"10":8,"11":2,"12":8,"13":0,"14":8,"15":6,"16":6,"17":6,"18":5,"19":7,"20":5,"21":5,"22":1,"23":0,"24":0,"25":0,"26":0,"27":0,"28":0,"29":0,"30":1,"31":1,"32":50,"33":2,"34":2,"35":1,"36":1},"f":{"0":7,"1":8,"2":8,"3":2,"4":6,"5":7,"6":0,"7":0,"8":1},"b":{"0":[7],"1":[6,2],"2":[0,8],"3":[5,1],"4":[5,0],"5":[0,0],"6":[2,48]},"_coverageSchema":"1a1c01bbd47fc00a2c39e90264f33305004495a9","hash":"86e79714f0584634e61bc1c24502c1c5f0083b23"}
,"/Users/adamjimenez/projects/code-401/data-structures-and-algorithms/javascript/stack class/stack_class.js": {"path":"/Users/adamjimenez/projects/code-401/data-structures-and-algorithms/javascript/stack class/stack_class.js","statementMap":{"0":{"start":{"line":3,"column":4},"end":{"line":3,"column":22}},"1":{"start":{"line":7,"column":4},"end":{"line":7,"column":29}},"2":{"start":{"line":11,"column":4},"end":{"line":11,"column":30}},"3":{"start":{"line":15,"column":4},"end":{"line":15,"column":49}},"4":{"start":{"line":19,"column":4},"end":{"line":19,"column":37}},"5":{"start":{"line":23,"column":0},"end":{"line":23,"column":23}}},"fnMap":{"0":{"name":"(anonymous_0)","decl":{"start":{"line":2,"column":2},"end":{"line":2,"column":3}},"loc":{"start":{"line":2,"column":16},"end":{"line":4,"column":3}},"line":2},"1":{"name":"(anonymous_1)","decl":{"start":{"line":6,"column":2},"end":{"line":6,"column":3}},"loc":{"start":{"line":6,"column":14},"end":{"line":8,"column":3}},"line":6},"2":{"name":"(anonymous_2)","decl":{"start":{"line":10,"column":2},"end":{"line":10,"column":3}},"loc":{"start":{"line":10,"column":8},"end":{"line":12,"column":3}},"line":10},"3":{"name":"(anonymous_3)","decl":{"start":{"line":14,"column":2},"end":{"line":14,"column":3}},"loc":{"start":{"line":14,"column":9},"end":{"line":16,"column":3}},"line":14},"4":{"name":"(anonymous_4)","decl":{"start":{"line":18,"column":2},"end":{"line":18,"column":3}},"loc":{"start":{"line":18,"column":12},"end":{"line":20,"column":3}},"line":18}},"branchMap":{},"s":{"0":5,"1":5,"2":4,"3":3,"4":3,"5":1},"f":{"0":5,"1":5,"2":4,"3":3,"4":3},"b":{},"_coverageSchema":"1a1c01bbd47fc00a2c39e90264f33305004495a9","hash":"767ad1536ddb3fff1bbd9515cdc47f6a1a46700b"}
}
