TN:
SF:javascript/Linked List KTH/LinkedList.js
FN:2,(anonymous_0)
FN:9,(anonymous_1)
FN:13,(anonymous_2)
FN:26,(anonymous_3)
FNF:4
FNH:4
FNDA:17,(anonymous_0)
FNDA:5,(anonymous_1)
FNDA:17,(anonymous_2)
FNDA:6,(anonymous_3)
DA:3,17
DA:4,17
DA:10,5
DA:14,17
DA:15,17
DA:16,5
DA:17,5
DA:19,12
DA:20,12
DA:21,12
DA:23,12
DA:27,6
DA:28,1
DA:31,5
DA:32,5
DA:34,5
DA:35,17
DA:36,17
DA:39,5
DA:40,1
DA:43,4
DA:44,4
DA:46,4
DA:47,6
DA:50,4
DA:54,1
LF:26
LH:26
BRDA:15,0,0,5
BRDA:15,0,1,12
BRDA:27,1,0,1
BRDA:27,1,1,5
BRDA:39,2,0,1
BRDA:39,2,1,4
BRF:6
BRH:6
end_of_record
TN:
SF:javascript/Sorting: Comparisons/sorting_comparisons.js
FN:4,stripLeadingArticles
FN:9,compareByYear
FN:14,compareByTitle
FNF:3
FNH:3
FNDA:8,stripLeadingArticles
FNDA:2,compareByYear
FNDA:4,compareByTitle
DA:5,8
DA:10,2
DA:15,4
DA:16,4
DA:17,4
DA:18,2
DA:19,0
DA:22,1
LF:8
LH:7
BRDA:17,0,0,2
BRDA:17,0,1,2
BRDA:18,1,0,2
BRDA:18,1,1,0
BRF:4
BRH:3
end_of_record
TN:
SF:javascript/hashtable/Hashtable.js
FN:3,(anonymous_0)
FN:8,(anonymous_1)
FN:16,(anonymous_2)
FN:22,(anonymous_3)
FN:31,(anonymous_4)
FN:35,(anonymous_5)
FN:43,(anonymous_6)
FN:47,(anonymous_7)
FN:53,(anonymous_8)
FNF:9
FNH:7
FNDA:7,(anonymous_0)
FNDA:8,(anonymous_1)
FNDA:8,(anonymous_2)
FNDA:2,(anonymous_3)
FNDA:6,(anonymous_4)
FNDA:7,(anonymous_5)
FNDA:0,(anonymous_6)
FNDA:0,(anonymous_7)
FNDA:1,(anonymous_8)
DA:4,7
DA:5,7
DA:9,8
DA:10,8
DA:11,30
DA:13,8
DA:17,8
DA:18,8
DA:19,6
DA:21,8
DA:22,8
DA:24,8
DA:25,0
DA:27,8
DA:32,6
DA:33,6
DA:34,6
DA:35,7
DA:36,5
DA:37,5
DA:40,1
DA:44,0
DA:45,0
DA:46,0
DA:47,0
DA:48,0
DA:50,0
DA:54,1
DA:55,1
DA:56,50
DA:57,2
DA:58,2
DA:62,1
DA:66,1
LF:34
LH:27
BRDA:3,0,0,7
BRDA:18,1,0,6
BRDA:18,1,1,2
BRDA:24,2,0,0
BRDA:24,2,1,8
BRDA:34,3,0,5
BRDA:34,3,1,1
BRDA:36,4,0,5
BRDA:36,4,1,0
BRDA:46,5,0,0
BRDA:46,5,1,0
BRDA:56,6,0,2
BRDA:56,6,1,48
BRF:13
BRH:9
end_of_record
TN:
SF:javascript/stack class/stack_class.js
FN:2,(anonymous_0)
FN:6,(anonymous_1)
FN:10,(anonymous_2)
FN:14,(anonymous_3)
FN:18,(anonymous_4)
FNF:5
FNH:5
FNDA:5,(anonymous_0)
FNDA:5,(anonymous_1)
FNDA:4,(anonymous_2)
FNDA:3,(anonymous_3)
FNDA:3,(anonymous_4)
DA:3,5
DA:7,5
DA:11,4
DA:15,3
DA:19,3
DA:23,1
LF:6
LH:6
BRF:0
BRH:0
end_of_record
